2018-Mar-06 09:28:02.252496 INFO    [daemon] FairMarketCoin v2.1.2.1251 ()
2018-Mar-06 09:28:02.254498 INFO    [daemon] Module folder: C:\Users\Home\monerotest\FairMarketCoin\bin\FairMarketCoind.exe
2018-Mar-06 09:28:02.258502 INFO    [RocksDBWrapper] Opening DB in C:\Users\Home\AppData\Roaming/FairMarketCoin/DB
2018-Mar-06 09:28:02.292816 INFO    [RocksDBWrapper] DB opened in C:\Users\Home\AppData\Roaming/FairMarketCoin/DB
2018-Mar-06 09:28:02.296298 INFO    [daemon] Initializing core...
2018-Mar-06 09:28:02.310226 INFO    [Core] DB has more blocks than blockchain storage, cutting from block index: 961
2018-Mar-06 09:28:02.313230 INFO    [Core] Cutting root segment from index 961
2018-Mar-06 09:28:02.343835 INFO    [daemon] Core initialized OK
2018-Mar-06 09:28:02.345067 INFO    [daemon] Initializing p2p server...
2018-Mar-06 09:28:02.347070 INFO    [node_server] Binding on 0.0.0.0:42025
2018-Mar-06 09:28:02.349132 INFO    [node_server] Net service binded on 0.0.0.0:42025
2018-Mar-06 09:28:02.351135 INFO    [node_server] Attempting to add IGD port mapping.
2018-Mar-06 09:28:03.394172 INFO    [node_server] Added IGD port mapping.
2018-Mar-06 09:28:03.395572 INFO    [daemon] P2p server initialized OK
2018-Mar-06 09:28:03.397572 INFO    [daemon] Starting core rpc server on address 127.0.0.1:42026
2018-Mar-06 09:28:03.399574 INFO    [daemon] Core rpc server started ok
2018-Mar-06 09:28:03.401576 INFO    [daemon] Starting p2p net loop...
2018-Mar-06 09:28:03.403580 INFO    [node_server] Starting node_server
2018-Mar-06 09:28:03.405593 INFO    [protocol] [18.217.237.155:38614 INC] Sync data returned unknown top block: 961 -> 962 [1 blocks (0 days) behind] 
2018-Mar-06 09:28:03.405593 INFO    [protocol] SYNCHRONIZATION started
2018-Mar-06 09:28:03.790779 INFO    [protocol] [18.217.237.155:38614 INC] SYNCHRONIZED OK
2018-Mar-06 09:28:03.792781 INFO    [protocol] 
2018-Mar-06 09:28:03.792781 INFO    [protocol] **********************************************************************
2018-Mar-06 09:28:03.792781 INFO    [protocol] You are now synchronized with the network. You may now start simplewallet.
2018-Mar-06 09:28:03.792781 INFO    [protocol] 
2018-Mar-06 09:28:03.792781 INFO    [protocol] Please note, that the blockchain will be saved only after you quit the daemon with "exit" command or if you use "save" command.
2018-Mar-06 09:28:03.792781 INFO    [protocol] Otherwise, you will possibly need to synchronize the blockchain again.
2018-Mar-06 09:28:03.792781 INFO    [protocol] 
2018-Mar-06 09:28:03.792781 INFO    [protocol] Use "help" command to see the list of available commands.
2018-Mar-06 09:28:03.792781 INFO    [protocol] **********************************************************************
2018-Mar-08 11:19:55.602130 INFO    [daemon] FairMarketCoin v2.1.2.1251 ()
2018-Mar-08 11:19:55.605132 INFO    [daemon] Module folder: C:\Users\Home\monerotest\FairMarketCoin-BUILT\bin\FairMarketCoind.exe
2018-Mar-08 11:19:55.609136 INFO    [RocksDBWrapper] Opening DB in C:\Users\Home\AppData\Roaming/FairMarketCoin/DB
2018-Mar-08 11:19:57.383665 INFO    [RocksDBWrapper] DB opened in C:\Users\Home\AppData\Roaming/FairMarketCoin/DB
2018-Mar-08 11:19:57.387657 INFO    [daemon] Initializing core...
2018-Mar-08 11:19:57.400671 INFO    [Core] DB has more blocks than blockchain storage, cutting from block index: 961
2018-Mar-08 11:19:57.403970 INFO    [Core] Cutting root segment from index 961
2018-Mar-08 11:19:57.432996 INFO    [daemon] Core initialized OK
2018-Mar-08 11:19:57.434998 INFO    [daemon] Initializing p2p server...
2018-Mar-08 11:19:57.437001 INFO    [node_server] Binding on 0.0.0.0:42025
2018-Mar-08 11:19:57.439003 INFO    [node_server] Net service binded on 0.0.0.0:42025
2018-Mar-08 11:19:57.441004 INFO    [node_server] Attempting to add IGD port mapping.
2018-Mar-08 11:19:58.486159 INFO    [node_server] Added IGD port mapping.
2018-Mar-08 11:19:58.497169 INFO    [daemon] P2p server initialized OK
2018-Mar-08 11:19:58.502480 INFO    [daemon] Starting core rpc server on address 127.0.0.1:42026
2018-Mar-08 11:19:58.509487 INFO    [daemon] Core rpc server started ok
2018-Mar-08 11:19:58.518496 INFO    [daemon] Starting p2p net loop...
2018-Mar-08 11:19:58.523168 INFO    [node_server] Starting node_server
2018-Mar-08 11:19:58.542689 INFO    [protocol] [132.148.142.126:47034 INC] Sync data returned unknown top block: 961 -> 968 [7 blocks (0 days) behind] 
2018-Mar-08 11:19:58.542689 INFO    [protocol] SYNCHRONIZATION started
2018-Mar-08 11:19:58.643362 INFO    [protocol] [18.217.237.155:36336 INC] Sync data returned unknown top block: 961 -> 968 [7 blocks (0 days) behind] 
2018-Mar-08 11:19:58.643362 INFO    [protocol] SYNCHRONIZATION started
2018-Mar-08 11:19:59.387173 INFO    [protocol] [18.217.237.155:36336 INC] SYNCHRONIZED OK
2018-Mar-08 11:19:59.389175 INFO    [protocol] 
2018-Mar-08 11:19:59.389175 INFO    [protocol] **********************************************************************
2018-Mar-08 11:19:59.389175 INFO    [protocol] You are now synchronized with the network. You may now start simplewallet.
2018-Mar-08 11:19:59.389175 INFO    [protocol] 
2018-Mar-08 11:19:59.389175 INFO    [protocol] Please note, that the blockchain will be saved only after you quit the daemon with "exit" command or if you use "save" command.
2018-Mar-08 11:19:59.389175 INFO    [protocol] Otherwise, you will possibly need to synchronize the blockchain again.
2018-Mar-08 11:19:59.389175 INFO    [protocol] 
2018-Mar-08 11:19:59.389175 INFO    [protocol] Use "help" command to see the list of available commands.
2018-Mar-08 11:19:59.389175 INFO    [protocol] **********************************************************************
2018-Mar-08 11:19:59.539766 INFO    [protocol] [132.148.142.126:47034 INC] SYNCHRONIZED OK
